<?xml version="1.0" encoding="UTF-8"?>
<!-- Generated by org.testng.reporters.JUnitReportReporter -->
<testsuite hostname="ramya" name="com.testNG.ScannerAddTest" tests="2" failures="0" timestamp="23 Jan 2016 01:22:09 GMT" time="0.015" errors="0">
  <testcase name="positive" time="0.001" classname="com.testNG.ScannerAddTest"/>
  <testcase name="negaitve" time="0.014" classname="com.testNG.ScannerAddTest"/>
</testsuite> <!-- com.testNG.ScannerAddTest -->
