<?xml version="1.0" encoding="UTF-8"?>
<!-- Generated by org.testng.reporters.JUnitReportReporter -->
<testsuite hostname="ramya" name="com.main.testng.LargeNumArrayTest" tests="3" failures="0" timestamp="26 Feb 2016 18:34:00 GMT" time="0.010" errors="0">
  <testcase name="positive" time="0.002" classname="com.main.testng.LargeNumArrayTest"/>
  <testcase name="mixed" time="0.001" classname="com.main.testng.LargeNumArrayTest"/>
  <testcase name="empty" time="0.007" classname="com.main.testng.LargeNumArrayTest"/>
</testsuite> <!-- com.main.testng.LargeNumArrayTest -->
