<?xml version="1.0" encoding="UTF-8"?>
<!-- Generated by org.testng.reporters.JUnitReportReporter -->
<testsuite hostname="ramya" name="com.main.testng.ScannerAddTest" tests="2" failures="0" timestamp="27 Feb 2016 00:51:43 GMT" time="0.018" errors="0">
  <testcase name="negaitve" time="0.014" classname="com.main.testng.ScannerAddTest"/>
  <testcase name="positive" time="0.004" classname="com.main.testng.ScannerAddTest"/>
</testsuite> <!-- com.main.testng.ScannerAddTest -->
