<?xml version="1.0" encoding="UTF-8"?>
<!-- Generated by org.testng.reporters.JUnitReportReporter -->
<testsuite hostname="ramya" name="com.excercise.testng.MissingNumberTest" tests="1" failures="0" timestamp="16 Feb 2016 14:42:32 GMT" time="0.016" errors="0">
  <testcase name="missingNumber" time="0.016" classname="com.excercise.testng.MissingNumberTest"/>
</testsuite> <!-- com.excercise.testng.MissingNumberTest -->
