<?xml version="1.0" encoding="UTF-8"?>
<!-- Generated by org.testng.reporters.JUnitReportReporter -->
<testsuite hostname="ramya" name="com.main.testng.linearSearchTest" tests="4" failures="0" timestamp="26 Feb 2016 18:50:13 GMT" time="0.016" errors="0">
  <testcase name="mixed" time="0.013" classname="com.main.testng.linearSearchTest"/>
  <testcase name="positive" time="0.001" classname="com.main.testng.linearSearchTest"/>
  <testcase name="notfound" time="0.002" classname="com.main.testng.linearSearchTest"/>
  <testcase name="negative" time="0.000" classname="com.main.testng.linearSearchTest"/>
</testsuite> <!-- com.main.testng.linearSearchTest -->
