<?xml version="1.0" encoding="UTF-8"?>
<!-- Generated by org.testng.reporters.JUnitReportReporter -->
<testsuite hostname="ramya" name="com.excercise.testng.LargeNumArrayTest" tests="1" failures="0" timestamp="16 Feb 2016 14:52:31 GMT" time="0.000" errors="0">
  <testcase name="positive" time="0.000" classname="com.excercise.testng.LargeNumArrayTest"/>
</testsuite> <!-- com.excercise.testng.LargeNumArrayTest -->
