<?xml version="1.0" encoding="UTF-8"?>
<!-- Generated by org.testng.reporters.JUnitReportReporter -->
<testsuite hostname="ramya" name="com.main.testng.FactorialTest" tests="3" failures="0" timestamp="26 Feb 2016 17:36:11 GMT" time="0.016" errors="0">
  <testcase name="negative" time="0.001" classname="com.main.testng.FactorialTest"/>
  <testcase name="zero" time="0.014" classname="com.main.testng.FactorialTest"/>
  <testcase name="positive" time="0.001" classname="com.main.testng.FactorialTest"/>
</testsuite> <!-- com.main.testng.FactorialTest -->
