<?xml version="1.0" encoding="UTF-8"?>
<!-- Generated by org.testng.reporters.JUnitReportReporter -->
<testsuite hostname="ramya" name="com.main.testng.sortTest" tests="2" failures="0" timestamp="26 Feb 2016 19:18:12 GMT" time="0.015" errors="0">
  <testcase name="positive" time="0.001" classname="com.main.testng.sortTest"/>
  <testcase name="negative" time="0.014" classname="com.main.testng.sortTest"/>
</testsuite> <!-- com.main.testng.sortTest -->
